c:\users\jason power\desktop\joypad\smfl\debug\smfl.pch
c:\users\jason power\desktop\joypad\smfl\debug\vc120.pdb
c:\users\jason power\desktop\joypad\smfl\debug\vc120.idb
c:\users\jason power\desktop\joypad\smfl\debug\stdafx.obj
c:\users\jason power\desktop\joypad\smfl\debug\bullet.obj
c:\users\jason power\desktop\joypad\smfl\debug\bulletgroup.obj
c:\users\jason power\desktop\joypad\smfl\debug\bulletmanager.obj
c:\users\jason power\desktop\joypad\smfl\debug\explosionbulletpattern.obj
c:\users\jason power\desktop\joypad\smfl\debug\player.obj
c:\users\jason power\desktop\joypad\smfl\debug\smfl.obj
c:\users\jason power\desktop\joypad\smfl\debug\spiralbulletpattern.obj
c:\users\jason power\desktop\joypad\smfl\debug\straightbulletgroup.obj
c:\users\jason power\desktop\joypad\smfl\debug\playercontrols.obj
c:\users\jason power\desktop\joypad\debug\smfl.ilk
c:\users\jason power\desktop\joypad\debug\smfl.exe
c:\users\jason power\desktop\joypad\debug\smfl.pdb
c:\users\jason power\desktop\joypad\smfl\debug\straightbullet.obj
c:\users\jason power\desktop\joypad\smfl\debug\straightbullets.obj
c:\users\jason power\desktop\joypad\smfl\debug\smfl.tlog\cl.command.1.tlog
c:\users\jason power\desktop\joypad\smfl\debug\smfl.tlog\cl.read.1.tlog
c:\users\jason power\desktop\joypad\smfl\debug\smfl.tlog\cl.write.1.tlog
c:\users\jason power\desktop\joypad\smfl\debug\smfl.tlog\link.command.1.tlog
c:\users\jason power\desktop\joypad\smfl\debug\smfl.tlog\link.read.1.tlog
c:\users\jason power\desktop\joypad\smfl\debug\smfl.tlog\link.write.1.tlog
