Build started 19/10/2015 13:15:06.
     1>Project "C:\Users\Jason Power\Desktop\GitHub\JoyPad\SMFL\SMFL.vcxproj" on node 2 (Build target(s)).
     1>ClCompile:
         C:\Program Files (x86)\Microsoft Visual Studio 12.0\VC\bin\CL.exe /c /I"C:\SFML-2.3.2\include" /ZI /nologo /W3 /WX- /sdl /Od /Oy- /D WIN32 /D _DEBUG /D _CONSOLE /D _LIB /D _UNICODE /D UNICODE /Gm /EHsc /RTC1 /MDd /GS /fp:precise /Zc:wchar_t /Zc:forScope /Yu"stdafx.h" /Fp"Debug\SMFL.pch" /Fo"Debug\\" /Fd"Debug\vc120.pdb" /Gd /TP /analyze- /errorReport:prompt Player.cpp
         Player.cpp
     1>c:\users\jason power\desktop\github\joypad\smfl\player.cpp(13): warning C4244: 'initializing' : conversion from 'double' to 'const float', possible loss of data
       Link:
         C:\Program Files (x86)\Microsoft Visual Studio 12.0\VC\bin\link.exe /ERRORREPORT:PROMPT /OUT:"C:\Users\Jason Power\Desktop\GitHub\JoyPad\Debug\SMFL.exe" /INCREMENTAL /NOLOGO /LIBPATH:"C:\SFML-2.3.2\lib" kernel32.lib user32.lib gdi32.lib winspool.lib comdlg32.lib advapi32.lib shell32.lib ole32.lib oleaut32.lib uuid.lib odbc32.lib odbccp32.lib /MANIFEST /MANIFESTUAC:"level='asInvoker' uiAccess='false'" /manifest:embed /DEBUG /PDB:"C:\Users\Jason Power\Desktop\GitHub\JoyPad\Debug\SMFL.pdb" /SUBSYSTEM:CONSOLE /TLBID:1 /DYNAMICBASE /NXCOMPAT /IMPLIB:"C:\Users\Jason Power\Desktop\GitHub\JoyPad\Debug\SMFL.lib" /MACHINE:X86 Debug\Bullet.obj
         Debug\BulletGroup.obj
         Debug\BulletManager.obj
         Debug\Enemy.obj
         Debug\EnemyManager.obj
         Debug\ExplosionBulletPattern.obj
         Debug\HomingEnemy.obj
         Debug\Player.obj
         Debug\PlControls.obj
         Debug\SMFL.obj
         Debug\SpiralBulletPattern.obj
         Debug\stdafx.obj
         Debug\StraightBulletGroup.obj
         Debug\Tower.obj
         SMFL.vcxproj -> C:\Users\Jason Power\Desktop\GitHub\JoyPad\Debug\SMFL.exe
     1>Done Building Project "C:\Users\Jason Power\Desktop\GitHub\JoyPad\SMFL\SMFL.vcxproj" (Build target(s)).

Build succeeded.

Time Elapsed 00:00:01.05
