Build started 14/12/2015 09:13:36.
     1>Project "C:\Users\Jason Power\Desktop\BulletNewCrush\SMFL\SMFL.vcxproj" on node 2 (Build target(s)).
     1>ClCompile:
         C:\Program Files (x86)\Microsoft Visual Studio 12.0\VC\bin\CL.exe /c /I"C:\SFML-2.3.2\include" /Zi /nologo /W3 /WX- /sdl /O2 /Oi /Oy- /GL /D WIN32 /D NDEBUG /D _CONSOLE /D _LIB /D _UNICODE /D UNICODE /Gm- /EHsc /MD /GS /Gy /fp:precise /Zc:wchar_t /Zc:forScope /Yu"stdafx.h" /Fp"Release\SMFL.pch" /Fo"Release\\" /Fd"Release\vc120.pdb" /Gd /TP /analyze- /errorReport:prompt SoundManager.cpp
         SoundManager.cpp
       Link:
         C:\Program Files (x86)\Microsoft Visual Studio 12.0\VC\bin\link.exe /ERRORREPORT:PROMPT /OUT:"C:\Users\Jason Power\Desktop\BulletNewCrush\Release\SMFL.exe" /INCREMENTAL:NO /NOLOGO /LIBPATH:"C:\SFML-2.3.2\lib" kernel32.lib user32.lib gdi32.lib winspool.lib comdlg32.lib advapi32.lib shell32.lib ole32.lib oleaut32.lib uuid.lib odbc32.lib odbccp32.lib /MANIFEST /MANIFESTUAC:"level='asInvoker' uiAccess='false'" /manifest:embed /DEBUG /PDB:"C:\Users\Jason Power\Desktop\BulletNewCrush\Release\SMFL.pdb" /SUBSYSTEM:CONSOLE /OPT:REF /OPT:ICF /LTCG /TLBID:1 /DYNAMICBASE /NXCOMPAT /IMPLIB:"C:\Users\Jason Power\Desktop\BulletNewCrush\Release\SMFL.lib" /MACHINE:X86 /SAFESEH Release\Boss.obj
         Release\BossTower.obj
         Release\Bullet.obj
         Release\BulletGroup.obj
         Release\BulletManager.obj
         Release\CollisionManager.obj
         Release\Enemy.obj
         Release\EnemyManager.obj
         Release\ExplosionBulletPattern.obj
         Release\HomingEnemy.obj
         Release\Level.obj
         Release\Player.obj
         Release\PlControls.obj
         Release\Score.obj
         Release\SlowShootyEnem.obj
         Release\SMFL.obj
         Release\SoundManager.obj
         Release\SpiralBulletPattern.obj
         Release\stdafx.obj
         Release\StraightBulletGroup.obj
         Release\Tower.obj
         Release\UI.obj
         Release\WeakSpot.obj
         Generating code
         Finished generating code
         SMFL.vcxproj -> C:\Users\Jason Power\Desktop\BulletNewCrush\Release\SMFL.exe
     1>Done Building Project "C:\Users\Jason Power\Desktop\BulletNewCrush\SMFL\SMFL.vcxproj" (Build target(s)).

Build succeeded.

Time Elapsed 00:00:02.05
