c:\users\jason power\desktop\bullet-crush-420af3021bdf614e3918a8352c821761bfdef924\joypad\smfl\release\smfl.pch
c:\users\jason power\desktop\bullet-crush-420af3021bdf614e3918a8352c821761bfdef924\joypad\smfl\release\vc120.pdb
c:\users\jason power\desktop\bullet-crush-420af3021bdf614e3918a8352c821761bfdef924\joypad\smfl\release\stdafx.obj
c:\users\jason power\desktop\bullet-crush-420af3021bdf614e3918a8352c821761bfdef924\joypad\smfl\release\weakspot.obj
c:\users\jason power\desktop\bullet-crush-420af3021bdf614e3918a8352c821761bfdef924\joypad\smfl\release\ui.obj
c:\users\jason power\desktop\bullet-crush-420af3021bdf614e3918a8352c821761bfdef924\joypad\smfl\release\tower.obj
c:\users\jason power\desktop\bullet-crush-420af3021bdf614e3918a8352c821761bfdef924\joypad\smfl\release\straightbulletgroup.obj
c:\users\jason power\desktop\bullet-crush-420af3021bdf614e3918a8352c821761bfdef924\joypad\smfl\release\spiralbulletpattern.obj
c:\users\jason power\desktop\bullet-crush-420af3021bdf614e3918a8352c821761bfdef924\joypad\smfl\release\smfl.obj
c:\users\jason power\desktop\bullet-crush-420af3021bdf614e3918a8352c821761bfdef924\joypad\smfl\release\slowshootyenem.obj
c:\users\jason power\desktop\bullet-crush-420af3021bdf614e3918a8352c821761bfdef924\joypad\smfl\release\plcontrols.obj
c:\users\jason power\desktop\bullet-crush-420af3021bdf614e3918a8352c821761bfdef924\joypad\smfl\release\player.obj
c:\users\jason power\desktop\bullet-crush-420af3021bdf614e3918a8352c821761bfdef924\joypad\smfl\release\level.obj
c:\users\jason power\desktop\bullet-crush-420af3021bdf614e3918a8352c821761bfdef924\joypad\smfl\release\homingenemy.obj
c:\users\jason power\desktop\bullet-crush-420af3021bdf614e3918a8352c821761bfdef924\joypad\smfl\release\explosionbulletpattern.obj
c:\users\jason power\desktop\bullet-crush-420af3021bdf614e3918a8352c821761bfdef924\joypad\smfl\release\enemymanager.obj
c:\users\jason power\desktop\bullet-crush-420af3021bdf614e3918a8352c821761bfdef924\joypad\smfl\release\enemy.obj
c:\users\jason power\desktop\bullet-crush-420af3021bdf614e3918a8352c821761bfdef924\joypad\smfl\release\collisionmanager.obj
c:\users\jason power\desktop\bullet-crush-420af3021bdf614e3918a8352c821761bfdef924\joypad\smfl\release\bulletmanager.obj
c:\users\jason power\desktop\bullet-crush-420af3021bdf614e3918a8352c821761bfdef924\joypad\smfl\release\bulletgroup.obj
c:\users\jason power\desktop\bullet-crush-420af3021bdf614e3918a8352c821761bfdef924\joypad\smfl\release\bullet.obj
c:\users\jason power\desktop\bullet-crush-420af3021bdf614e3918a8352c821761bfdef924\joypad\smfl\release\bosstower.obj
c:\users\jason power\desktop\bullet-crush-420af3021bdf614e3918a8352c821761bfdef924\joypad\smfl\release\boss.obj
c:\users\jason power\desktop\bullet-crush-420af3021bdf614e3918a8352c821761bfdef924\joypad\release\smfl.exe
c:\users\jason power\desktop\bullet-crush-420af3021bdf614e3918a8352c821761bfdef924\joypad\release\smfl.pdb
c:\users\jason power\desktop\bullet-crush-420af3021bdf614e3918a8352c821761bfdef924\joypad\smfl\release\smfl.tlog\cl.command.1.tlog
c:\users\jason power\desktop\bullet-crush-420af3021bdf614e3918a8352c821761bfdef924\joypad\smfl\release\smfl.tlog\cl.read.1.tlog
c:\users\jason power\desktop\bullet-crush-420af3021bdf614e3918a8352c821761bfdef924\joypad\smfl\release\smfl.tlog\cl.write.1.tlog
c:\users\jason power\desktop\bullet-crush-420af3021bdf614e3918a8352c821761bfdef924\joypad\smfl\release\smfl.tlog\link.command.1.tlog
c:\users\jason power\desktop\bullet-crush-420af3021bdf614e3918a8352c821761bfdef924\joypad\smfl\release\smfl.tlog\link.read.1.tlog
c:\users\jason power\desktop\bullet-crush-420af3021bdf614e3918a8352c821761bfdef924\joypad\smfl\release\smfl.tlog\link.write.1.tlog
