c:\users\jay\desktop\bullet-crush-420af3021bdf614e3918a8352c821761bfdef924\joypad\smfl\debug\smfl.pch
c:\users\jay\desktop\bullet-crush-420af3021bdf614e3918a8352c821761bfdef924\joypad\smfl\debug\vc120.pdb
c:\users\jay\desktop\bullet-crush-420af3021bdf614e3918a8352c821761bfdef924\joypad\smfl\debug\vc120.idb
c:\users\jay\desktop\bullet-crush-420af3021bdf614e3918a8352c821761bfdef924\joypad\smfl\debug\stdafx.obj
c:\users\jay\desktop\bullet-crush-420af3021bdf614e3918a8352c821761bfdef924\joypad\smfl\debug\boss.obj
c:\users\jay\desktop\bullet-crush-420af3021bdf614e3918a8352c821761bfdef924\joypad\smfl\debug\bosstower.obj
c:\users\jay\desktop\bullet-crush-420af3021bdf614e3918a8352c821761bfdef924\joypad\smfl\debug\bullet.obj
c:\users\jay\desktop\bullet-crush-420af3021bdf614e3918a8352c821761bfdef924\joypad\smfl\debug\bulletgroup.obj
c:\users\jay\desktop\bullet-crush-420af3021bdf614e3918a8352c821761bfdef924\joypad\smfl\debug\bulletmanager.obj
c:\users\jay\desktop\bullet-crush-420af3021bdf614e3918a8352c821761bfdef924\joypad\smfl\debug\collisionmanager.obj
c:\users\jay\desktop\bullet-crush-420af3021bdf614e3918a8352c821761bfdef924\joypad\smfl\debug\enemy.obj
c:\users\jay\desktop\bullet-crush-420af3021bdf614e3918a8352c821761bfdef924\joypad\smfl\debug\enemymanager.obj
c:\users\jay\desktop\bullet-crush-420af3021bdf614e3918a8352c821761bfdef924\joypad\smfl\debug\explosionbulletpattern.obj
c:\users\jay\desktop\bullet-crush-420af3021bdf614e3918a8352c821761bfdef924\joypad\smfl\debug\homingenemy.obj
c:\users\jay\desktop\bullet-crush-420af3021bdf614e3918a8352c821761bfdef924\joypad\smfl\debug\level.obj
c:\users\jay\desktop\bullet-crush-420af3021bdf614e3918a8352c821761bfdef924\joypad\smfl\debug\plcontrols.obj
c:\users\jay\desktop\bullet-crush-420af3021bdf614e3918a8352c821761bfdef924\joypad\smfl\debug\player.obj
c:\users\jay\desktop\bullet-crush-420af3021bdf614e3918a8352c821761bfdef924\joypad\smfl\debug\smfl.obj
c:\users\jay\desktop\bullet-crush-420af3021bdf614e3918a8352c821761bfdef924\joypad\smfl\debug\slowshootyenem.obj
c:\users\jay\desktop\bullet-crush-420af3021bdf614e3918a8352c821761bfdef924\joypad\smfl\debug\spiralbulletpattern.obj
c:\users\jay\desktop\bullet-crush-420af3021bdf614e3918a8352c821761bfdef924\joypad\smfl\debug\straightbulletgroup.obj
c:\users\jay\desktop\bullet-crush-420af3021bdf614e3918a8352c821761bfdef924\joypad\smfl\debug\tower.obj
c:\users\jay\desktop\bullet-crush-420af3021bdf614e3918a8352c821761bfdef924\joypad\smfl\debug\ui.obj
c:\users\jay\desktop\bullet-crush-420af3021bdf614e3918a8352c821761bfdef924\joypad\smfl\debug\weakspot.obj
c:\users\jay\desktop\bullet-crush-420af3021bdf614e3918a8352c821761bfdef924 - copy\joypad\smfl\debug\smfl.pch
c:\users\jay\desktop\bullet-crush-420af3021bdf614e3918a8352c821761bfdef924 - copy\joypad\smfl\debug\vc120.pdb
c:\users\jay\desktop\bullet-crush-420af3021bdf614e3918a8352c821761bfdef924 - copy\joypad\smfl\debug\vc120.idb
c:\users\jay\desktop\bullet-crush-420af3021bdf614e3918a8352c821761bfdef924 - copy\joypad\smfl\debug\stdafx.obj
c:\users\jay\desktop\bullet-crush-420af3021bdf614e3918a8352c821761bfdef924 - copy\joypad\smfl\debug\boss.obj
c:\users\jay\desktop\bullet-crush-420af3021bdf614e3918a8352c821761bfdef924 - copy\joypad\smfl\debug\bosstower.obj
c:\users\jay\desktop\bullet-crush-420af3021bdf614e3918a8352c821761bfdef924 - copy\joypad\smfl\debug\bullet.obj
c:\users\jay\desktop\bullet-crush-420af3021bdf614e3918a8352c821761bfdef924 - copy\joypad\smfl\debug\bulletgroup.obj
c:\users\jay\desktop\bullet-crush-420af3021bdf614e3918a8352c821761bfdef924 - copy\joypad\smfl\debug\bulletmanager.obj
c:\users\jay\desktop\bullet-crush-420af3021bdf614e3918a8352c821761bfdef924 - copy\joypad\smfl\debug\collisionmanager.obj
c:\users\jay\desktop\bullet-crush-420af3021bdf614e3918a8352c821761bfdef924 - copy\joypad\smfl\debug\enemy.obj
c:\users\jay\desktop\bullet-crush-420af3021bdf614e3918a8352c821761bfdef924 - copy\joypad\smfl\debug\enemymanager.obj
c:\users\jay\desktop\bullet-crush-420af3021bdf614e3918a8352c821761bfdef924 - copy\joypad\smfl\debug\explosionbulletpattern.obj
c:\users\jay\desktop\bullet-crush-420af3021bdf614e3918a8352c821761bfdef924 - copy\joypad\smfl\debug\homingenemy.obj
c:\users\jay\desktop\bullet-crush-420af3021bdf614e3918a8352c821761bfdef924 - copy\joypad\smfl\debug\level.obj
c:\users\jay\desktop\bullet-crush-420af3021bdf614e3918a8352c821761bfdef924 - copy\joypad\smfl\debug\player.obj
c:\users\jay\desktop\bullet-crush-420af3021bdf614e3918a8352c821761bfdef924 - copy\joypad\smfl\debug\plcontrols.obj
c:\users\jay\desktop\bullet-crush-420af3021bdf614e3918a8352c821761bfdef924 - copy\joypad\smfl\debug\slowshootyenem.obj
c:\users\jay\desktop\bullet-crush-420af3021bdf614e3918a8352c821761bfdef924 - copy\joypad\smfl\debug\smfl.obj
c:\users\jay\desktop\bullet-crush-420af3021bdf614e3918a8352c821761bfdef924 - copy\joypad\smfl\debug\spiralbulletpattern.obj
c:\users\jay\desktop\bullet-crush-420af3021bdf614e3918a8352c821761bfdef924 - copy\joypad\smfl\debug\straightbulletgroup.obj
c:\users\jay\desktop\bullet-crush-420af3021bdf614e3918a8352c821761bfdef924 - copy\joypad\smfl\debug\tower.obj
c:\users\jay\desktop\bullet-crush-420af3021bdf614e3918a8352c821761bfdef924 - copy\joypad\smfl\debug\ui.obj
c:\users\jay\desktop\bullet-crush-420af3021bdf614e3918a8352c821761bfdef924 - copy\joypad\smfl\debug\weakspot.obj
c:\users\jay\desktop\bullet-crush-420af3021bdf614e3918a8352c821761bfdef924\joypad\debug\smfl.ilk
c:\users\jay\desktop\bullet-crush-420af3021bdf614e3918a8352c821761bfdef924\joypad\debug\smfl.exe
c:\users\jay\desktop\bullet-crush-420af3021bdf614e3918a8352c821761bfdef924\joypad\debug\smfl.pdb
c:\users\jay\desktop\bullet-crush-420af3021bdf614e3918a8352c821761bfdef924 - copy\joypad\debug\smfl.ilk
c:\users\jay\desktop\bullet-crush-420af3021bdf614e3918a8352c821761bfdef924 - copy\joypad\debug\smfl.exe
c:\users\jay\desktop\bullet-crush-420af3021bdf614e3918a8352c821761bfdef924 - copy\joypad\debug\smfl.pdb
c:\users\jay\desktop\bullet-crush-420af3021bdf614e3918a8352c821761bfdef924 - copy\joypad\smfl\debug\smfl.tlog\cl.command.1.tlog
c:\users\jay\desktop\bullet-crush-420af3021bdf614e3918a8352c821761bfdef924 - copy\joypad\smfl\debug\smfl.tlog\cl.read.1.tlog
c:\users\jay\desktop\bullet-crush-420af3021bdf614e3918a8352c821761bfdef924 - copy\joypad\smfl\debug\smfl.tlog\cl.write.1.tlog
c:\users\jay\desktop\bullet-crush-420af3021bdf614e3918a8352c821761bfdef924 - copy\joypad\smfl\debug\smfl.tlog\link.command.1.tlog
c:\users\jay\desktop\bullet-crush-420af3021bdf614e3918a8352c821761bfdef924 - copy\joypad\smfl\debug\smfl.tlog\link.read.1.tlog
c:\users\jay\desktop\bullet-crush-420af3021bdf614e3918a8352c821761bfdef924 - copy\joypad\smfl\debug\smfl.tlog\link.write.1.tlog
