Build started 14-12-2015 10:09:32 AM.
     1>Project "C:\Users\Ben\Google Drive\Work\Year 3\SFML\Projects\BulletNewCrush\SMFL\SMFL.vcxproj" on node 2 (Build target(s)).
     1>ClCompile:
         C:\Program Files (x86)\Microsoft Visual Studio 12.0\VC\bin\CL.exe /c /I"C:\SFML-2.3.2\include" /ZI /nologo /W3 /WX- /sdl /Od /Oy- /D WIN32 /D _DEBUG /D _CONSOLE /D _LIB /D _UNICODE /D UNICODE /Gm /EHsc /RTC1 /MDd /GS /fp:precise /Zc:wchar_t /Zc:forScope /Yu"stdafx.h" /Fp"Debug\SMFL.pch" /Fo"Debug\\" /Fd"Debug\vc120.pdb" /Gd /TP /analyze- /errorReport:prompt EnemyManager.cpp
         EnemyManager.cpp
     1>c:\users\ben\google drive\work\year 3\sfml\projects\bulletnewcrush\smfl\enemymanager.cpp(19): warning C4244: 'argument' : conversion from 'time_t' to 'unsigned int', possible loss of data
     1>c:\users\ben\google drive\work\year 3\sfml\projects\bulletnewcrush\smfl\enemymanager.cpp(47): warning C4018: '<' : signed/unsigned mismatch
     1>c:\users\ben\google drive\work\year 3\sfml\projects\bulletnewcrush\smfl\enemymanager.cpp(56): warning C4018: '<' : signed/unsigned mismatch
     1>c:\users\ben\google drive\work\year 3\sfml\projects\bulletnewcrush\smfl\enemymanager.cpp(69): warning C4018: '<' : signed/unsigned mismatch
     1>c:\users\ben\google drive\work\year 3\sfml\projects\bulletnewcrush\smfl\enemymanager.cpp(85): warning C4018: '<' : signed/unsigned mismatch
     1>c:\users\ben\google drive\work\year 3\sfml\projects\bulletnewcrush\smfl\enemymanager.cpp(100): warning C4018: '<' : signed/unsigned mismatch
     1>c:\users\ben\google drive\work\year 3\sfml\projects\bulletnewcrush\smfl\enemymanager.cpp(136): warning C4244: 'argument' : conversion from 'int' to 'float', possible loss of data
     1>c:\users\ben\google drive\work\year 3\sfml\projects\bulletnewcrush\smfl\enemymanager.cpp(152): warning C4244: 'argument' : conversion from 'int' to 'float', possible loss of data
       Link:
         C:\Program Files (x86)\Microsoft Visual Studio 12.0\VC\bin\link.exe /ERRORREPORT:PROMPT /OUT:"C:\Users\Ben\Google Drive\Work\Year 3\SFML\Projects\BulletNewCrush\Debug\SMFL.exe" /INCREMENTAL /NOLOGO /LIBPATH:"C:\SFML-2.3.2\lib" kernel32.lib user32.lib gdi32.lib winspool.lib comdlg32.lib advapi32.lib shell32.lib ole32.lib oleaut32.lib uuid.lib odbc32.lib odbccp32.lib /MANIFEST /MANIFESTUAC:"level='asInvoker' uiAccess='false'" /manifest:embed /DEBUG /PDB:"C:\Users\Ben\Google Drive\Work\Year 3\SFML\Projects\BulletNewCrush\Debug\SMFL.pdb" /SUBSYSTEM:CONSOLE /TLBID:1 /DYNAMICBASE /NXCOMPAT /IMPLIB:"C:\Users\Ben\Google Drive\Work\Year 3\SFML\Projects\BulletNewCrush\Debug\SMFL.lib" /MACHINE:X86 Debug\Boss.obj
         Debug\BossTower.obj
         Debug\Bullet.obj
         Debug\BulletGroup.obj
         Debug\BulletManager.obj
         Debug\CollisionManager.obj
         Debug\Enemy.obj
         Debug\EnemyManager.obj
         Debug\ExplosionBulletPattern.obj
         Debug\HomingEnemy.obj
         Debug\Level.obj
         Debug\Player.obj
         Debug\PlControls.obj
         Debug\Score.obj
         Debug\SlowShootyEnem.obj
         Debug\SMFL.obj
         Debug\SoundManager.obj
         Debug\SpiralBulletPattern.obj
         Debug\stdafx.obj
         Debug\StraightBulletGroup.obj
         Debug\Tower.obj
         Debug\UI.obj
         Debug\WeakSpot.obj
         SMFL.vcxproj -> C:\Users\Ben\Google Drive\Work\Year 3\SFML\Projects\BulletNewCrush\Debug\SMFL.exe
     1>Done Building Project "C:\Users\Ben\Google Drive\Work\Year 3\SFML\Projects\BulletNewCrush\SMFL\SMFL.vcxproj" (Build target(s)).

Build succeeded.

Time Elapsed 00:00:01.13
